1697204806651	geckodriver	INFO	Listening on 127.0.0.1:38053
1697204807433	mozrunner::runner	INFO	Running command: MOZ_CRASHREPORTER="1" MOZ_CRASHREPORTER_NO_REPORT="1" MOZ_CRASHREPORTER_SHUTDOWN="1" MOZ_NO_REMOTE="1" "/usr/bin/firefox" "--marionette" "-headless" "-no-remote" "-profile" "/tmp/rust_mozprofileliPOCB"
*** You are running in headless mode.
console.warn: services.settings: Ignoring preference override of remote settings server
console.warn: services.settings: Allow by setting MOZ_REMOTE_SETTINGS_DEVTOOLS=1 in the environment
[GFX1-]: glxtest: Unable to open a connection to the X server
1697204811202	Marionette	INFO	Marionette enabled
1697204811969	Marionette	INFO	Listening on port 43515
Read port: 43515
1697204812934	RemoteAgent	WARN	TLS certificate errors will be ignored for this session
[GFX1-]: RenderCompositorSWGL failed mapping default framebuffer, no dt
console.error: ({})
JavaScript error: blob:https://roamresearch.com/29d42921-1f4f-4126-b705-69379e19ebb3, line 2: TypeError: t is undefined
[Parent 1874, Main Thread] WARNING: g_object_get: assertion 'G_IS_OBJECT (object)' failed: 'glib warning', file /build/firefox-qPRAVa/firefox-118.0.1+build1/toolkit/xre/nsSigHandlers.cpp:167

(firefox:1874): GLib-GObject-CRITICAL **: 13:47:09.674: g_object_get: assertion 'G_IS_OBJECT (object)' failed
1697204831725	Marionette	INFO	Stopped listening on port 43515
JavaScript warning: https://js.intercomcdn.com/vendors~sentry.beb3b412.js, line 2: Script terminated by timeout at:
u@https://js.intercomcdn.com/vendors~sentry.beb3b412.js:2:4911

1697204832615	geckodriver	INFO	Listening on 127.0.0.1:59829
1697204833624	mozrunner::runner	INFO	Running command: MOZ_CRASHREPORTER="1" MOZ_CRASHREPORTER_NO_REPORT="1" MOZ_CRASHREPORTER_SHUTDOWN="1" MOZ_NO_REMOTE="1" "/usr/bin/firefox" "--marionette" "-headless" "-no-remote" "-profile" "/tmp/rust_mozprofileoh3aUC"
*** You are running in headless mode.
console.warn: services.settings: Ignoring preference override of remote settings server
console.warn: services.settings: Allow by setting MOZ_REMOTE_SETTINGS_DEVTOOLS=1 in the environment
[GFX1-]: glxtest: Unable to open a connection to the X server
1697204833910	Marionette	INFO	Marionette enabled
1697204833994	Marionette	INFO	Listening on port 33097
Read port: 33097
1697204834223	RemoteAgent	WARN	TLS certificate errors will be ignored for this session
[GFX1-]: RenderCompositorSWGL failed mapping default framebuffer, no dt
console.error: ({})
JavaScript error: blob:https://roamresearch.com/744b777c-3f06-4c31-8568-0601613ea6ed, line 2: TypeError: t is undefined
[Parent 2514, Main Thread] WARNING: g_object_get: assertion 'G_IS_OBJECT (object)' failed: 'glib warning', file /build/firefox-qPRAVa/firefox-118.0.1+build1/toolkit/xre/nsSigHandlers.cpp:167

(firefox:2514): GLib-GObject-CRITICAL **: 13:47:31.113: g_object_get: assertion 'G_IS_OBJECT (object)' failed
1697204853112	Marionette	INFO	Stopped listening on port 33097
JavaScript warning: https://js.intercomcdn.com/vendors~sentry.beb3b412.js, line 2: Script terminated by timeout at:
u@https://js.intercomcdn.com/vendors~sentry.beb3b412.js:2:4911

1697204853986	geckodriver	INFO	Listening on 127.0.0.1:38503
1697204854994	mozrunner::runner	INFO	Running command: MOZ_CRASHREPORTER="1" MOZ_CRASHREPORTER_NO_REPORT="1" MOZ_CRASHREPORTER_SHUTDOWN="1" MOZ_NO_REMOTE="1" "/usr/bin/firefox" "--marionette" "-headless" "-no-remote" "-profile" "/tmp/rust_mozprofilehjgOfJ"
*** You are running in headless mode.
console.warn: services.settings: Ignoring preference override of remote settings server
console.warn: services.settings: Allow by setting MOZ_REMOTE_SETTINGS_DEVTOOLS=1 in the environment
[GFX1-]: glxtest: Unable to open a connection to the X server
1697204855287	Marionette	INFO	Marionette enabled
1697204855369	Marionette	INFO	Listening on port 37653
Read port: 37653
1697204855573	RemoteAgent	WARN	TLS certificate errors will be ignored for this session
[GFX1-]: RenderCompositorSWGL failed mapping default framebuffer, no dt
console.error: ({})
JavaScript error: blob:https://roamresearch.com/82b6312c-2c6b-41f8-827a-40d90f8619a4, line 2: TypeError: t is undefined
[Parent 3051, Main Thread] WARNING: g_object_get: assertion 'G_IS_OBJECT (object)' failed: 'glib warning', file /build/firefox-qPRAVa/firefox-118.0.1+build1/toolkit/xre/nsSigHandlers.cpp:167

(firefox:3051): GLib-GObject-CRITICAL **: 13:47:50.866: g_object_get: assertion 'G_IS_OBJECT (object)' failed
1697204872946	Marionette	INFO	Stopped listening on port 37653
JavaScript warning: https://js.intercomcdn.com/vendors~sentry.beb3b412.js, line 2: Script terminated by timeout at:
u@https://js.intercomcdn.com/vendors~sentry.beb3b412.js:2:5019

